c:\users\ariel.ariel1-pc\documents\visual studio 2013\projects\ironagetales\ironagetales\debug\vc120.pdb
c:\users\ariel.ariel1-pc\documents\visual studio 2013\projects\ironagetales\ironagetales\debug\vc120.idb
c:\users\ariel.ariel1-pc\documents\visual studio 2013\projects\ironagetales\ironagetales\debug\imageloader.obj
c:\users\ariel.ariel1-pc\documents\visual studio 2013\projects\ironagetales\ironagetales\debug\imagemanager.obj
c:\users\ariel.ariel1-pc\documents\visual studio 2013\projects\ironagetales\ironagetales\debug\itemmanager.obj
c:\users\ariel.ariel1-pc\documents\visual studio 2013\projects\ironagetales\ironagetales\debug\main.obj
c:\users\ariel.ariel1-pc\documents\visual studio 2013\projects\ironagetales\ironagetales\debug\menu.obj
c:\users\ariel.ariel1-pc\documents\visual studio 2013\projects\ironagetales\ironagetales\debug\msgmanager.obj
c:\users\ariel.ariel1-pc\documents\visual studio 2013\projects\ironagetales\ironagetales\debug\timer.obj
c:\users\ariel.ariel1-pc\documents\visual studio 2013\projects\ironagetales\debug\ironagetales.lib
c:\users\ariel.ariel1-pc\documents\visual studio 2013\projects\ironagetales\debug\ironagetales.exp
c:\users\ariel.ariel1-pc\documents\visual studio 2013\projects\ironagetales\debug\ironagetales.ilk
c:\users\ariel.ariel1-pc\documents\visual studio 2013\projects\ironagetales\debug\ironagetales.exe
c:\users\ariel.ariel1-pc\documents\visual studio 2013\projects\ironagetales\debug\ironagetales.pdb
c:\users\ariel.ariel1-pc\documents\visual studio 2013\projects\ironagetales\ironagetales\debug\ironagetales.tlog\cl.command.1.tlog
c:\users\ariel.ariel1-pc\documents\visual studio 2013\projects\ironagetales\ironagetales\debug\ironagetales.tlog\cl.read.1.tlog
c:\users\ariel.ariel1-pc\documents\visual studio 2013\projects\ironagetales\ironagetales\debug\ironagetales.tlog\cl.write.1.tlog
c:\users\ariel.ariel1-pc\documents\visual studio 2013\projects\ironagetales\ironagetales\debug\ironagetales.tlog\ironagetales.write.1u.tlog
c:\users\ariel.ariel1-pc\documents\visual studio 2013\projects\ironagetales\ironagetales\debug\ironagetales.tlog\lib-link.read.1.tlog
c:\users\ariel.ariel1-pc\documents\visual studio 2013\projects\ironagetales\ironagetales\debug\ironagetales.tlog\lib-link.write.1.tlog
c:\users\ariel.ariel1-pc\documents\visual studio 2013\projects\ironagetales\ironagetales\debug\ironagetales.tlog\lib.command.1.tlog
c:\users\ariel.ariel1-pc\documents\visual studio 2013\projects\ironagetales\ironagetales\debug\ironagetales.tlog\link.command.1.tlog
c:\users\ariel.ariel1-pc\documents\visual studio 2013\projects\ironagetales\ironagetales\debug\ironagetales.tlog\link.read.1.tlog
c:\users\ariel.ariel1-pc\documents\visual studio 2013\projects\ironagetales\ironagetales\debug\ironagetales.tlog\link.write.1.tlog
